Using pre-set license
Built from '2020.3/staging' branch; Version is '2020.3.6f1 (338bb68529b2) revision 3378102'; Using compiler version '192528614'; Build Type 'Release'
OS: 'Windows 10 Home; OS build 19043.1586; Version 2009; 64bit' Language: 'en' Physical Memory: 16337 MB
BatchMode: 1, IsHumanControllingUs: 0, StartBugReporterOnCrash: 0, Is64bit: 1, IsPro: 0

 COMMAND LINE ARGUMENTS:
C:\Program Files\Unity\Hub\Editor\2020.3.6f1\Editor\Unity.exe
-adb2
-batchMode
-noUpm
-name
AssetImportWorker0
-projectPath
C:/Users/foodp/Documents/GitHub/New folder/LD 50 LES GO/LD50
-logFile
Logs/AssetImportWorker0.log
-srvPort
53429
Successfully changed project path to: C:/Users/foodp/Documents/GitHub/New folder/LD 50 LES GO/LD50
C:/Users/foodp/Documents/GitHub/New folder/LD 50 LES GO/LD50
Using Asset Import Pipeline V2.
Refreshing native plugins compatible for Editor in 31.14 ms, found 1 plugins.
Preloading 0 native plugins for Editor in 0.00 ms.
Initialize engine version: 2020.3.6f1 (338bb68529b2)
[Subsystems] Discovering subsystems at path C:/Program Files/Unity/Hub/Editor/2020.3.6f1/Editor/Data/Resources/UnitySubsystems
[Subsystems] Discovering subsystems at path C:/Users/foodp/Documents/GitHub/New folder/LD 50 LES GO/LD50/Assets
GfxDevice: creating device client; threaded=0
Direct3D:
    Version:  Direct3D 11.0 [level 11.1]
    Renderer: AMD Radeon RX 5700 XT (ID=0x731f)
    Vendor:   
    VRAM:     8151 MB
    Driver:   30.0.13023.4001
Initialize mono
Mono path[0] = 'C:/Program Files/Unity/Hub/Editor/2020.3.6f1/Editor/Data/Managed'
Mono path[1] = 'C:/Program Files/Unity/Hub/Editor/2020.3.6f1/Editor/Data/MonoBleedingEdge/lib/mono/unityjit'
Mono config path = 'C:/Program Files/Unity/Hub/Editor/2020.3.6f1/Editor/Data/MonoBleedingEdge/etc'
Using monoOptions --debugger-agent=transport=dt_socket,embedding=1,server=y,suspend=n,address=127.0.0.1:56856
Begin MonoManager ReloadAssembly
Registering precompiled unity dll's ...
Register platform support module: C:/Program Files/Unity/Hub/Editor/2020.3.6f1/Editor/Data/PlaybackEngines/WindowsStandaloneSupport/UnityEditor.WindowsStandalone.Extensions.dll
Registered in 0.001590 seconds.
Native extension for WindowsStandalone target not found
Refreshing native plugins compatible for Editor in 32.22 ms, found 1 plugins.
Preloading 0 native plugins for Editor in 0.00 ms.
Mono: successfully reloaded assembly
- Completed reload, in  1.415 seconds
Platform modules already initialized, skipping
Registering precompiled user dll's ...
Registered in 0.000674 seconds.
Begin MonoManager ReloadAssembly
Native extension for WindowsStandalone target not found
Refreshing native plugins compatible for Editor in 31.60 ms, found 1 plugins.
Preloading 0 native plugins for Editor in 0.00 ms.
Mono: successfully reloaded assembly
- Completed reload, in  0.744 seconds
Platform modules already initialized, skipping
========================================================================
Worker process is ready to serve import requests
Launched and connected shader compiler UnityShaderCompiler.exe after 0.04 seconds
Refreshing native plugins compatible for Editor in 0.35 ms, found 1 plugins.
Preloading 0 native plugins for Editor in 0.00 ms.
Unloading 1927 Unused Serialized files (Serialized files now loaded: 0)
System memory in use before: 87.9 MB.
System memory in use after: 87.8 MB.

Unloading 23 unused Assets to reduce memory usage. Loaded Objects now: 2371.
Total: 1.842100 ms (FindLiveObjects: 0.182800 ms CreateObjectMapping: 0.045400 ms MarkObjects: 1.513700 ms  DeleteObjects: 0.099400 ms)

========================================================================
Received Import Request.
  path: Assets/Sprites/speech bubbles.png
  artifactKey: Guid(be0a1199c2290614c9b9bc37cadf09bf) Importer(815301076,1909f56bfc062723c751e8b465ee728b)
Start importing Assets/Sprites/speech bubbles.png using Guid(be0a1199c2290614c9b9bc37cadf09bf) Importer(815301076,1909f56bfc062723c751e8b465ee728b)  -> (artifact id: '92bf2e6bd05acee0be495966c6440b2f') in 0.101212 seconds
  Import took 0.103818 seconds .

========================================================================
Received Import Request.
  Time since last request: 8.264919 seconds.
  path: Assets/Sprites/speech bubbles.png
  artifactKey: Guid(be0a1199c2290614c9b9bc37cadf09bf) Importer(815301076,1909f56bfc062723c751e8b465ee728b)
Start importing Assets/Sprites/speech bubbles.png using Guid(be0a1199c2290614c9b9bc37cadf09bf) Importer(815301076,1909f56bfc062723c751e8b465ee728b)  -> (artifact id: '391b99ffe0785a7087edfb4efcc7f28c') in 0.014002 seconds
  Import took 0.016835 seconds .

========================================================================
Received Import Request.
  Time since last request: 10.425531 seconds.
  path: Assets/Sprites/speech bubbles.png
  artifactKey: Guid(be0a1199c2290614c9b9bc37cadf09bf) Importer(815301076,1909f56bfc062723c751e8b465ee728b)
Start importing Assets/Sprites/speech bubbles.png using Guid(be0a1199c2290614c9b9bc37cadf09bf) Importer(815301076,1909f56bfc062723c751e8b465ee728b)  -> (artifact id: 'a3c8fa7d5fdfc796a65039b81c9b21b7') in 0.027646 seconds
  Import took 0.031001 seconds .

========================================================================
Received Import Request.
  Time since last request: 35.689348 seconds.
  path: Assets/Sprites/speech bubbles.png
  artifactKey: Guid(be0a1199c2290614c9b9bc37cadf09bf) Importer(815301076,1909f56bfc062723c751e8b465ee728b)
Start importing Assets/Sprites/speech bubbles.png using Guid(be0a1199c2290614c9b9bc37cadf09bf) Importer(815301076,1909f56bfc062723c751e8b465ee728b)  -> (artifact id: '1f1dc4bef49a285a95973311505e1400') in 0.018765 seconds
  Import took 0.021703 seconds .

========================================================================
Received Import Request.
  Time since last request: 56.626663 seconds.
  path: Assets/Sprites/speech bubbles.png
  artifactKey: Guid(be0a1199c2290614c9b9bc37cadf09bf) Importer(815301076,1909f56bfc062723c751e8b465ee728b)
Start importing Assets/Sprites/speech bubbles.png using Guid(be0a1199c2290614c9b9bc37cadf09bf) Importer(815301076,1909f56bfc062723c751e8b465ee728b)  -> (artifact id: '6b1393c3fa006e33e374f3a1953977fa') in 0.014653 seconds
  Import took 0.018167 seconds .

========================================================================
Received Import Request.
  Time since last request: 0.018408 seconds.
  path: Assets/Sprites/speech bubbles.png
  artifactKey: Guid(be0a1199c2290614c9b9bc37cadf09bf) Importer(815301076,1909f56bfc062723c751e8b465ee728b)
Start importing Assets/Sprites/speech bubbles.png using Guid(be0a1199c2290614c9b9bc37cadf09bf) Importer(815301076,1909f56bfc062723c751e8b465ee728b)  -> (artifact id: '6b1393c3fa006e33e374f3a1953977fa') in 0.015082 seconds
  Import took 0.017739 seconds .

========================================================================
Received Import Request.
  Time since last request: 113.936680 seconds.
  path: Assets/Sprites/speech bubbles.png
  artifactKey: Guid(be0a1199c2290614c9b9bc37cadf09bf) Importer(815301076,1909f56bfc062723c751e8b465ee728b)
Start importing Assets/Sprites/speech bubbles.png using Guid(be0a1199c2290614c9b9bc37cadf09bf) Importer(815301076,1909f56bfc062723c751e8b465ee728b)  -> (artifact id: '3104d296763466f135c416c2340d671e') in 0.016562 seconds
  Import took 0.019422 seconds .

========================================================================
Received Import Request.
  Time since last request: 45.665565 seconds.
  path: Assets/Sprites/speech bubbles.png
  artifactKey: Guid(be0a1199c2290614c9b9bc37cadf09bf) Importer(815301076,1909f56bfc062723c751e8b465ee728b)
Start importing Assets/Sprites/speech bubbles.png using Guid(be0a1199c2290614c9b9bc37cadf09bf) Importer(815301076,1909f56bfc062723c751e8b465ee728b)  -> (artifact id: '99a03217336531fe18d29a39e97f0658') in 0.014310 seconds
  Import took 0.017057 seconds .

========================================================================
Received Import Request.
  Time since last request: 5.855111 seconds.
  path: Assets/Sprites/speech bubbles.png
  artifactKey: Guid(be0a1199c2290614c9b9bc37cadf09bf) Importer(815301076,1909f56bfc062723c751e8b465ee728b)
Start importing Assets/Sprites/speech bubbles.png using Guid(be0a1199c2290614c9b9bc37cadf09bf) Importer(815301076,1909f56bfc062723c751e8b465ee728b)  -> (artifact id: 'bf6070a8ea482b34025dc5415fa9183e') in 0.022653 seconds
  Import took 0.026199 seconds .

========================================================================
Received Import Request.
  Time since last request: 184.211750 seconds.
  path: Assets/Sprites/speech bubbles.png
  artifactKey: Guid(be0a1199c2290614c9b9bc37cadf09bf) Importer(815301076,1909f56bfc062723c751e8b465ee728b)
Start importing Assets/Sprites/speech bubbles.png using Guid(be0a1199c2290614c9b9bc37cadf09bf) Importer(815301076,1909f56bfc062723c751e8b465ee728b)  -> (artifact id: '478169c0e490ba7cc6a6111f3bf991b8') in 0.014948 seconds
  Import took 0.017933 seconds .

========================================================================
Received Prepare
Registering precompiled user dll's ...
Registered in 0.000839 seconds.
Begin MonoManager ReloadAssembly
Native extension for WindowsStandalone target not found
Refreshing native plugins compatible for Editor in 0.34 ms, found 1 plugins.
Preloading 0 native plugins for Editor in 0.00 ms.
Mono: successfully reloaded assembly
- Completed reload, in  0.678 seconds
Platform modules already initialized, skipping
Refreshing native plugins compatible for Editor in 0.37 ms, found 1 plugins.
Preloading 0 native plugins for Editor in 0.00 ms.
Unloading 1922 Unused Serialized files (Serialized files now loaded: 0)
System memory in use before: 91.0 MB.
System memory in use after: 90.9 MB.

Unloading 12 unused Assets to reduce memory usage. Loaded Objects now: 2403.
Total: 1.905900 ms (FindLiveObjects: 0.280400 ms CreateObjectMapping: 0.049500 ms MarkObjects: 1.481800 ms  DeleteObjects: 0.093300 ms)

========================================================================
Received Prepare
Registering precompiled user dll's ...
Registered in 0.000820 seconds.
Begin MonoManager ReloadAssembly
Native extension for WindowsStandalone target not found
Refreshing native plugins compatible for Editor in 0.34 ms, found 1 plugins.
Preloading 0 native plugins for Editor in 0.00 ms.
Mono: successfully reloaded assembly
- Completed reload, in  0.657 seconds
Platform modules already initialized, skipping
Refreshing native plugins compatible for Editor in 0.30 ms, found 1 plugins.
Preloading 0 native plugins for Editor in 0.00 ms.
Unloading 1922 Unused Serialized files (Serialized files now loaded: 0)
System memory in use before: 91.0 MB.
System memory in use after: 91.0 MB.

Unloading 12 unused Assets to reduce memory usage. Loaded Objects now: 2407.
Total: 1.787300 ms (FindLiveObjects: 0.170100 ms CreateObjectMapping: 0.050200 ms MarkObjects: 1.485000 ms  DeleteObjects: 0.081400 ms)

========================================================================
Received Import Request.
  Time since last request: 825.084305 seconds.
  path: Assets/SMACK!.prefab
  artifactKey: Guid(de818d1e13eaa1548a9f05a840e8e0de) Importer(815301076,1909f56bfc062723c751e8b465ee728b)
Start importing Assets/SMACK!.prefab using Guid(de818d1e13eaa1548a9f05a840e8e0de) Importer(815301076,1909f56bfc062723c751e8b465ee728b)  -> (artifact id: 'a260510d897a5b84c1cbd40a0ba7127f') in 0.051470 seconds
  Import took 0.054326 seconds .

========================================================================
Received Import Request.
  Time since last request: 1.571987 seconds.
  path: Assets/CLAWED!.prefab
  artifactKey: Guid(6a5af5afa0854ed4691d2b83933e2ada) Importer(815301076,1909f56bfc062723c751e8b465ee728b)
Start importing Assets/CLAWED!.prefab using Guid(6a5af5afa0854ed4691d2b83933e2ada) Importer(815301076,1909f56bfc062723c751e8b465ee728b)  -> (artifact id: '20f82e2ef81b437f1cf4dad61d6f0004') in 0.011859 seconds
  Import took 0.014592 seconds .

========================================================================
Received Import Request.
  Time since last request: 0.001249 seconds.
  path: Assets/CLAWED!.prefab
  artifactKey: Guid(6a5af5afa0854ed4691d2b83933e2ada) Importer(815301076,1909f56bfc062723c751e8b465ee728b)
Start importing Assets/CLAWED!.prefab using Guid(6a5af5afa0854ed4691d2b83933e2ada) Importer(815301076,1909f56bfc062723c751e8b465ee728b)  -> (artifact id: '20f82e2ef81b437f1cf4dad61d6f0004') in 0.011481 seconds
  Import took 0.014009 seconds .

========================================================================
Received Import Request.
  Time since last request: 1.494393 seconds.
  path: Assets/OUCH!.prefab
  artifactKey: Guid(8a45e69fa456f4f47ac18775d1cd045d) Importer(815301076,1909f56bfc062723c751e8b465ee728b)
Start importing Assets/OUCH!.prefab using Guid(8a45e69fa456f4f47ac18775d1cd045d) Importer(815301076,1909f56bfc062723c751e8b465ee728b)  -> (artifact id: '956e7aaaf9e07f724e428d39bb5b69db') in 0.012014 seconds
  Import took 0.014879 seconds .

========================================================================
Received Import Request.
  Time since last request: 0.002762 seconds.
  path: Assets/OUCH!.prefab
  artifactKey: Guid(8a45e69fa456f4f47ac18775d1cd045d) Importer(815301076,1909f56bfc062723c751e8b465ee728b)
Start importing Assets/OUCH!.prefab using Guid(8a45e69fa456f4f47ac18775d1cd045d) Importer(815301076,1909f56bfc062723c751e8b465ee728b)  -> (artifact id: '956e7aaaf9e07f724e428d39bb5b69db') in 0.007328 seconds
  Import took 0.010182 seconds .

========================================================================
Received Import Request.
  Time since last request: 1.353811 seconds.
  path: Assets/SCRATCH!.prefab
  artifactKey: Guid(d4d5d37f67423194f95fdca4ae7d4c10) Importer(815301076,1909f56bfc062723c751e8b465ee728b)
Start importing Assets/SCRATCH!.prefab using Guid(d4d5d37f67423194f95fdca4ae7d4c10) Importer(815301076,1909f56bfc062723c751e8b465ee728b)  -> (artifact id: '07be0780e1f48e2cbc130816827bd4d5') in 0.010967 seconds
  Import took 0.013830 seconds .

========================================================================
Received Import Request.
  Time since last request: 0.002374 seconds.
  path: Assets/SCRATCH!.prefab
  artifactKey: Guid(d4d5d37f67423194f95fdca4ae7d4c10) Importer(815301076,1909f56bfc062723c751e8b465ee728b)
Start importing Assets/SCRATCH!.prefab using Guid(d4d5d37f67423194f95fdca4ae7d4c10) Importer(815301076,1909f56bfc062723c751e8b465ee728b)  -> (artifact id: '07be0780e1f48e2cbc130816827bd4d5') in 0.010384 seconds
  Import took 0.013224 seconds .

========================================================================
Received Prepare
Registering precompiled user dll's ...
Registered in 0.000757 seconds.
Begin MonoManager ReloadAssembly
Native extension for WindowsStandalone target not found
Refreshing native plugins compatible for Editor in 0.36 ms, found 1 plugins.
Preloading 0 native plugins for Editor in 0.00 ms.
Mono: successfully reloaded assembly
- Completed reload, in  0.674 seconds
Platform modules already initialized, skipping
Refreshing native plugins compatible for Editor in 0.31 ms, found 1 plugins.
Preloading 0 native plugins for Editor in 0.00 ms.
Unloading 1922 Unused Serialized files (Serialized files now loaded: 0)
System memory in use before: 91.1 MB.
System memory in use after: 91.0 MB.

Unloading 12 unused Assets to reduce memory usage. Loaded Objects now: 2415.
Total: 1.663600 ms (FindLiveObjects: 0.172200 ms CreateObjectMapping: 0.042600 ms MarkObjects: 1.367300 ms  DeleteObjects: 0.080900 ms)

========================================================================
Received Import Request.
  Time since last request: 86.072468 seconds.
  path: Assets/Sprites/speech bubbles.png
  artifactKey: Guid(be0a1199c2290614c9b9bc37cadf09bf) Importer(815301076,1909f56bfc062723c751e8b465ee728b)
Start importing Assets/Sprites/speech bubbles.png using Guid(be0a1199c2290614c9b9bc37cadf09bf) Importer(815301076,1909f56bfc062723c751e8b465ee728b)  -> (artifact id: '53bb539d4f2a9782c56b97fefc3f80d7') in 0.043877 seconds
  Import took 0.046492 seconds .

========================================================================
Received Prepare
Registering precompiled user dll's ...
Registered in 0.000656 seconds.
Begin MonoManager ReloadAssembly
Native extension for WindowsStandalone target not found
Refreshing native plugins compatible for Editor in 0.34 ms, found 1 plugins.
Preloading 0 native plugins for Editor in 0.00 ms.
Mono: successfully reloaded assembly
- Completed reload, in  0.669 seconds
Platform modules already initialized, skipping
Refreshing native plugins compatible for Editor in 0.40 ms, found 1 plugins.
Preloading 0 native plugins for Editor in 0.00 ms.
Unloading 1922 Unused Serialized files (Serialized files now loaded: 0)
System memory in use before: 91.1 MB.
System memory in use after: 91.1 MB.

Unloading 12 unused Assets to reduce memory usage. Loaded Objects now: 2420.
Total: 1.682800 ms (FindLiveObjects: 0.160900 ms CreateObjectMapping: 0.048300 ms MarkObjects: 1.382200 ms  DeleteObjects: 0.090700 ms)

========================================================================
Received Prepare
Registering precompiled user dll's ...
Registered in 0.000862 seconds.
Begin MonoManager ReloadAssembly
Native extension for WindowsStandalone target not found
Refreshing native plugins compatible for Editor in 0.34 ms, found 1 plugins.
Preloading 0 native plugins for Editor in 0.00 ms.
Mono: successfully reloaded assembly
- Completed reload, in  0.668 seconds
Platform modules already initialized, skipping
Refreshing native plugins compatible for Editor in 0.31 ms, found 1 plugins.
Preloading 0 native plugins for Editor in 0.00 ms.
Unloading 1922 Unused Serialized files (Serialized files now loaded: 0)
System memory in use before: 91.1 MB.
System memory in use after: 91.1 MB.

Unloading 12 unused Assets to reduce memory usage. Loaded Objects now: 2424.
Total: 1.700700 ms (FindLiveObjects: 0.191100 ms CreateObjectMapping: 0.052000 ms MarkObjects: 1.369100 ms  DeleteObjects: 0.087500 ms)

========================================================================
Received Import Request.
  Time since last request: 59.801383 seconds.
  path: Assets/SCRATCH!.prefab
  artifactKey: Guid(d4d5d37f67423194f95fdca4ae7d4c10) Importer(815301076,1909f56bfc062723c751e8b465ee728b)
Start importing Assets/SCRATCH!.prefab using Guid(d4d5d37f67423194f95fdca4ae7d4c10) Importer(815301076,1909f56bfc062723c751e8b465ee728b)  -> (artifact id: 'dc20853da882dcf605b87c5c852402e9') in 0.042320 seconds
  Import took 0.045192 seconds .

========================================================================
Received Import Request.
  Time since last request: 5.209828 seconds.
  path: Assets/SCRATCH!.prefab
  artifactKey: Guid(d4d5d37f67423194f95fdca4ae7d4c10) Importer(815301076,1909f56bfc062723c751e8b465ee728b)
Start importing Assets/SCRATCH!.prefab using Guid(d4d5d37f67423194f95fdca4ae7d4c10) Importer(815301076,1909f56bfc062723c751e8b465ee728b)  -> (artifact id: 'b959c2d8eb47fcfb34e1dc3b3e5d6eb0') in 0.010247 seconds
  Import took 0.013294 seconds .

========================================================================
Received Import Request.
  Time since last request: 44.911127 seconds.
  path: Assets/OUCH!.prefab
  artifactKey: Guid(8a45e69fa456f4f47ac18775d1cd045d) Importer(815301076,1909f56bfc062723c751e8b465ee728b)
Start importing Assets/OUCH!.prefab using Guid(8a45e69fa456f4f47ac18775d1cd045d) Importer(815301076,1909f56bfc062723c751e8b465ee728b)  -> (artifact id: 'e842611ecb778749b2578750e40b4ead') in 0.010220 seconds
  Import took 0.013064 seconds .

========================================================================
Received Import Request.
  Time since last request: 7.855661 seconds.
  path: Assets/CLAWED!.prefab
  artifactKey: Guid(6a5af5afa0854ed4691d2b83933e2ada) Importer(815301076,1909f56bfc062723c751e8b465ee728b)
Start importing Assets/CLAWED!.prefab using Guid(6a5af5afa0854ed4691d2b83933e2ada) Importer(815301076,1909f56bfc062723c751e8b465ee728b)  -> (artifact id: '71cf780edf9ed6fb8253230b015205aa') in 0.011194 seconds
  Import took 0.014301 seconds .

========================================================================
Received Import Request.
  Time since last request: 6.253201 seconds.
  path: Assets/SMACK!.prefab
  artifactKey: Guid(de818d1e13eaa1548a9f05a840e8e0de) Importer(815301076,1909f56bfc062723c751e8b465ee728b)
Start importing Assets/SMACK!.prefab using Guid(de818d1e13eaa1548a9f05a840e8e0de) Importer(815301076,1909f56bfc062723c751e8b465ee728b)  -> (artifact id: '336b2a834e00f7b4fd23b4585a08eb60') in 0.010536 seconds
  Import took 0.013452 seconds .

========================================================================
Received Prepare
Registering precompiled user dll's ...
Registered in 0.001463 seconds.
Begin MonoManager ReloadAssembly
Native extension for WindowsStandalone target not found
Refreshing native plugins compatible for Editor in 0.35 ms, found 1 plugins.
Preloading 0 native plugins for Editor in 0.00 ms.
Mono: successfully reloaded assembly
- Completed reload, in  0.654 seconds
Platform modules already initialized, skipping
Refreshing native plugins compatible for Editor in 0.29 ms, found 1 plugins.
Preloading 0 native plugins for Editor in 0.00 ms.
Unloading 1922 Unused Serialized files (Serialized files now loaded: 0)
System memory in use before: 91.1 MB.
System memory in use after: 91.1 MB.

Unloading 12 unused Assets to reduce memory usage. Loaded Objects now: 2429.
Total: 1.698600 ms (FindLiveObjects: 0.178400 ms CreateObjectMapping: 0.049400 ms MarkObjects: 1.383900 ms  DeleteObjects: 0.086100 ms)

========================================================================
Received Prepare
Registering precompiled user dll's ...
Registered in 0.000808 seconds.
Begin MonoManager ReloadAssembly
Native extension for WindowsStandalone target not found
Refreshing native plugins compatible for Editor in 0.35 ms, found 1 plugins.
Preloading 0 native plugins for Editor in 0.00 ms.
Mono: successfully reloaded assembly
- Completed reload, in  0.671 seconds
Platform modules already initialized, skipping
Refreshing native plugins compatible for Editor in 0.29 ms, found 1 plugins.
Preloading 0 native plugins for Editor in 0.00 ms.
Unloading 1922 Unused Serialized files (Serialized files now loaded: 0)
System memory in use before: 91.1 MB.
System memory in use after: 91.1 MB.

Unloading 12 unused Assets to reduce memory usage. Loaded Objects now: 2433.
Total: 1.750900 ms (FindLiveObjects: 0.177500 ms CreateObjectMapping: 0.050800 ms MarkObjects: 1.434400 ms  DeleteObjects: 0.087100 ms)

========================================================================
Received Import Request.
  Time since last request: 151.047247 seconds.
  path: Assets/Sprites/speech bubbles.png
  artifactKey: Guid(be0a1199c2290614c9b9bc37cadf09bf) Importer(815301076,1909f56bfc062723c751e8b465ee728b)
Start importing Assets/Sprites/speech bubbles.png using Guid(be0a1199c2290614c9b9bc37cadf09bf) Importer(815301076,1909f56bfc062723c751e8b465ee728b)  -> (artifact id: 'ba5729fa7a94802981c50380fc1e8895') in 0.043951 seconds
  Import took 0.046781 seconds .

========================================================================
Received Prepare
Registering precompiled user dll's ...
Registered in 0.000856 seconds.
Begin MonoManager ReloadAssembly
Native extension for WindowsStandalone target not found
Refreshing native plugins compatible for Editor in 0.35 ms, found 1 plugins.
Preloading 0 native plugins for Editor in 0.00 ms.
Mono: successfully reloaded assembly
- Completed reload, in  0.666 seconds
Platform modules already initialized, skipping
Refreshing native plugins compatible for Editor in 0.34 ms, found 1 plugins.
Preloading 0 native plugins for Editor in 0.00 ms.
Unloading 1922 Unused Serialized files (Serialized files now loaded: 0)
System memory in use before: 91.1 MB.
System memory in use after: 91.1 MB.

Unloading 12 unused Assets to reduce memory usage. Loaded Objects now: 2438.
Total: 1.712300 ms (FindLiveObjects: 0.168200 ms CreateObjectMapping: 0.050300 ms MarkObjects: 1.411500 ms  DeleteObjects: 0.081700 ms)

AssetImportWorkerClient::OnTransportError - code=2 error=End of file
