Using pre-set license
Built from '2020.3/staging' branch; Version is '2020.3.6f1 (338bb68529b2) revision 3378102'; Using compiler version '192528614'; Build Type 'Release'
OS: 'Windows 10 Home; OS build 19043.1586; Version 2009; 64bit' Language: 'en' Physical Memory: 16337 MB
BatchMode: 1, IsHumanControllingUs: 0, StartBugReporterOnCrash: 0, Is64bit: 1, IsPro: 0

 COMMAND LINE ARGUMENTS:
C:\Program Files\Unity\Hub\Editor\2020.3.6f1\Editor\Unity.exe
-adb2
-batchMode
-noUpm
-name
AssetImportWorker1
-projectPath
C:/Users/foodp/Documents/GitHub/New folder/LD 50 LES GO/LD50
-logFile
Logs/AssetImportWorker1.log
-srvPort
59956
Successfully changed project path to: C:/Users/foodp/Documents/GitHub/New folder/LD 50 LES GO/LD50
C:/Users/foodp/Documents/GitHub/New folder/LD 50 LES GO/LD50
Using Asset Import Pipeline V2.
Refreshing native plugins compatible for Editor in 33.33 ms, found 1 plugins.
Preloading 0 native plugins for Editor in 0.00 ms.
Initialize engine version: 2020.3.6f1 (338bb68529b2)
[Subsystems] Discovering subsystems at path C:/Program Files/Unity/Hub/Editor/2020.3.6f1/Editor/Data/Resources/UnitySubsystems
[Subsystems] Discovering subsystems at path C:/Users/foodp/Documents/GitHub/New folder/LD 50 LES GO/LD50/Assets
GfxDevice: creating device client; threaded=0
Direct3D:
    Version:  Direct3D 11.0 [level 11.1]
    Renderer: AMD Radeon RX 5700 XT (ID=0x731f)
    Vendor:   
    VRAM:     8151 MB
    Driver:   30.0.13023.4001
Initialize mono
Mono path[0] = 'C:/Program Files/Unity/Hub/Editor/2020.3.6f1/Editor/Data/Managed'
Mono path[1] = 'C:/Program Files/Unity/Hub/Editor/2020.3.6f1/Editor/Data/MonoBleedingEdge/lib/mono/unityjit'
Mono config path = 'C:/Program Files/Unity/Hub/Editor/2020.3.6f1/Editor/Data/MonoBleedingEdge/etc'
Using monoOptions --debugger-agent=transport=dt_socket,embedding=1,server=y,suspend=n,address=127.0.0.1:56688
Begin MonoManager ReloadAssembly
Registering precompiled unity dll's ...
Register platform support module: C:/Program Files/Unity/Hub/Editor/2020.3.6f1/Editor/Data/PlaybackEngines/WindowsStandaloneSupport/UnityEditor.WindowsStandalone.Extensions.dll
Registered in 0.001586 seconds.
Native extension for WindowsStandalone target not found
Refreshing native plugins compatible for Editor in 32.36 ms, found 1 plugins.
Preloading 0 native plugins for Editor in 0.00 ms.
Mono: successfully reloaded assembly
- Completed reload, in  3.044 seconds
Platform modules already initialized, skipping
Registering precompiled user dll's ...
Registered in 0.000822 seconds.
Begin MonoManager ReloadAssembly
Native extension for WindowsStandalone target not found
Refreshing native plugins compatible for Editor in 32.25 ms, found 1 plugins.
Preloading 0 native plugins for Editor in 0.00 ms.
Mono: successfully reloaded assembly
- Completed reload, in  0.816 seconds
Platform modules already initialized, skipping
========================================================================
Worker process is ready to serve import requests
Launched and connected shader compiler UnityShaderCompiler.exe after 0.09 seconds
Refreshing native plugins compatible for Editor in 0.40 ms, found 1 plugins.
Preloading 0 native plugins for Editor in 0.00 ms.
Unloading 1942 Unused Serialized files (Serialized files now loaded: 0)
System memory in use before: 90.7 MB.
System memory in use after: 90.7 MB.

Unloading 23 unused Assets to reduce memory usage. Loaded Objects now: 2389.
Total: 2.857100 ms (FindLiveObjects: 0.397100 ms CreateObjectMapping: 0.074600 ms MarkObjects: 2.227900 ms  DeleteObjects: 0.155800 ms)

========================================================================
Received Import Request.
  path: Assets/Sprites/CatBackground.png
  artifactKey: Guid(203aad9e27da42e40b0f149f0666352b) Importer(815301076,1909f56bfc062723c751e8b465ee728b)
Start importing Assets/Sprites/CatBackground.png using Guid(203aad9e27da42e40b0f149f0666352b) Importer(815301076,1909f56bfc062723c751e8b465ee728b)  -> (artifact id: '09ae49fd2311b7ee2fc0660d659451bb') in 0.138964 seconds
  Import took 0.142455 seconds .

========================================================================
Received Import Request.
  Time since last request: 28.865564 seconds.
  path: Assets/Sprites/CatBackground.png
  artifactKey: Guid(203aad9e27da42e40b0f149f0666352b) Importer(815301076,1909f56bfc062723c751e8b465ee728b)
Start importing Assets/Sprites/CatBackground.png using Guid(203aad9e27da42e40b0f149f0666352b) Importer(815301076,1909f56bfc062723c751e8b465ee728b)  -> (artifact id: '46ff9a23f2d330f794bcf6282dee8d34') in 0.048095 seconds
  Import took 0.052499 seconds .

========================================================================
Received Prepare
Registering precompiled user dll's ...
Registered in 0.000797 seconds.
Begin MonoManager ReloadAssembly
Native extension for WindowsStandalone target not found
Refreshing native plugins compatible for Editor in 0.34 ms, found 1 plugins.
Preloading 0 native plugins for Editor in 0.00 ms.
Mono: successfully reloaded assembly
- Completed reload, in  0.736 seconds
Platform modules already initialized, skipping
Refreshing native plugins compatible for Editor in 0.40 ms, found 1 plugins.
Preloading 0 native plugins for Editor in 0.00 ms.
Unloading 1924 Unused Serialized files (Serialized files now loaded: 0)
System memory in use before: 92.5 MB.
System memory in use after: 92.5 MB.

Unloading 12 unused Assets to reduce memory usage. Loaded Objects now: 2413.
Total: 1.810100 ms (FindLiveObjects: 0.235000 ms CreateObjectMapping: 0.048900 ms MarkObjects: 1.435600 ms  DeleteObjects: 0.089500 ms)

========================================================================
Received Prepare
Registering precompiled user dll's ...
Registered in 0.000733 seconds.
Begin MonoManager ReloadAssembly
Native extension for WindowsStandalone target not found
Refreshing native plugins compatible for Editor in 0.36 ms, found 1 plugins.
Preloading 0 native plugins for Editor in 0.00 ms.
Mono: successfully reloaded assembly
- Completed reload, in  0.677 seconds
Platform modules already initialized, skipping
Refreshing native plugins compatible for Editor in 0.34 ms, found 1 plugins.
Preloading 0 native plugins for Editor in 0.00 ms.
Unloading 1924 Unused Serialized files (Serialized files now loaded: 0)
System memory in use before: 92.6 MB.
System memory in use after: 92.6 MB.

Unloading 12 unused Assets to reduce memory usage. Loaded Objects now: 2417.
Total: 2.159400 ms (FindLiveObjects: 0.232400 ms CreateObjectMapping: 0.071300 ms MarkObjects: 1.742400 ms  DeleteObjects: 0.112100 ms)

========================================================================
Received Prepare
Registering precompiled user dll's ...
Registered in 0.000720 seconds.
Begin MonoManager ReloadAssembly
Native extension for WindowsStandalone target not found
Refreshing native plugins compatible for Editor in 0.44 ms, found 1 plugins.
Preloading 0 native plugins for Editor in 0.00 ms.
Mono: successfully reloaded assembly
- Completed reload, in  0.788 seconds
Platform modules already initialized, skipping
Refreshing native plugins compatible for Editor in 0.35 ms, found 1 plugins.
Preloading 0 native plugins for Editor in 0.00 ms.
Unloading 1924 Unused Serialized files (Serialized files now loaded: 0)
System memory in use before: 92.6 MB.
System memory in use after: 92.6 MB.

Unloading 12 unused Assets to reduce memory usage. Loaded Objects now: 2421.
Total: 2.081800 ms (FindLiveObjects: 0.233300 ms CreateObjectMapping: 0.051600 ms MarkObjects: 1.692800 ms  DeleteObjects: 0.102600 ms)

========================================================================
Received Prepare
Registering precompiled user dll's ...
Registered in 0.000741 seconds.
Begin MonoManager ReloadAssembly
Native extension for WindowsStandalone target not found
Refreshing native plugins compatible for Editor in 0.35 ms, found 1 plugins.
Preloading 0 native plugins for Editor in 0.00 ms.
Mono: successfully reloaded assembly
- Completed reload, in  0.665 seconds
Platform modules already initialized, skipping
Refreshing native plugins compatible for Editor in 0.35 ms, found 1 plugins.
Preloading 0 native plugins for Editor in 0.00 ms.
Unloading 1924 Unused Serialized files (Serialized files now loaded: 0)
System memory in use before: 92.6 MB.
System memory in use after: 92.6 MB.

Unloading 12 unused Assets to reduce memory usage. Loaded Objects now: 2425.
Total: 1.857700 ms (FindLiveObjects: 0.206100 ms CreateObjectMapping: 0.051500 ms MarkObjects: 1.509400 ms  DeleteObjects: 0.089600 ms)

========================================================================
Received Prepare
Registering precompiled user dll's ...
Registered in 0.000793 seconds.
Begin MonoManager ReloadAssembly
Native extension for WindowsStandalone target not found
Refreshing native plugins compatible for Editor in 0.35 ms, found 1 plugins.
Preloading 0 native plugins for Editor in 0.00 ms.
Mono: successfully reloaded assembly
- Completed reload, in  0.663 seconds
Platform modules already initialized, skipping
Refreshing native plugins compatible for Editor in 0.35 ms, found 1 plugins.
Preloading 0 native plugins for Editor in 0.00 ms.
Unloading 1924 Unused Serialized files (Serialized files now loaded: 0)
System memory in use before: 92.6 MB.
System memory in use after: 92.6 MB.

Unloading 12 unused Assets to reduce memory usage. Loaded Objects now: 2429.
Total: 1.943100 ms (FindLiveObjects: 0.242500 ms CreateObjectMapping: 0.044100 ms MarkObjects: 1.557600 ms  DeleteObjects: 0.097700 ms)

========================================================================
Received Import Request.
  Time since last request: 178.593592 seconds.
  path: Assets/Scenes/SampleScene.unity
  artifactKey: Guid(2cda990e2423bbf4892e6590ba056729) Importer(815301076,1909f56bfc062723c751e8b465ee728b)
Start importing Assets/Scenes/SampleScene.unity using Guid(2cda990e2423bbf4892e6590ba056729) Importer(815301076,1909f56bfc062723c751e8b465ee728b)  -> (artifact id: '071ad9a783bf65dbb27fd27c7e9e0ca2') in 0.013036 seconds
  Import took 0.015782 seconds .

========================================================================
Received Prepare
Refreshing native plugins compatible for Editor in 1.52 ms, found 1 plugins.
Preloading 0 native plugins for Editor in 0.00 ms.
Unloading 10 Unused Serialized files (Serialized files now loaded: 0)
System memory in use before: 54.8 MB.
System memory in use after: 54.8 MB.

Unloading 10 unused Assets to reduce memory usage. Loaded Objects now: 2429.
Total: 2.254600 ms (FindLiveObjects: 0.220500 ms CreateObjectMapping: 0.050100 ms MarkObjects: 1.890600 ms  DeleteObjects: 0.092100 ms)

========================================================================
Received Import Request.
  Time since last request: 158.041981 seconds.
  path: Assets/Scenes/SampleScene.unity
  artifactKey: Guid(2cda990e2423bbf4892e6590ba056729) Importer(815301076,1909f56bfc062723c751e8b465ee728b)
Start importing Assets/Scenes/SampleScene.unity using Guid(2cda990e2423bbf4892e6590ba056729) Importer(815301076,1909f56bfc062723c751e8b465ee728b)  -> (artifact id: 'ac5f20245145e68c44eba64fcb5e1520') in 0.003831 seconds
  Import took 0.006681 seconds .

========================================================================
Received Prepare
Refreshing native plugins compatible for Editor in 1.47 ms, found 1 plugins.
Preloading 0 native plugins for Editor in 0.00 ms.
Unloading 10 Unused Serialized files (Serialized files now loaded: 0)
System memory in use before: 54.8 MB.
System memory in use after: 54.8 MB.

Unloading 10 unused Assets to reduce memory usage. Loaded Objects now: 2429.
Total: 2.036700 ms (FindLiveObjects: 0.200100 ms CreateObjectMapping: 0.048400 ms MarkObjects: 1.697000 ms  DeleteObjects: 0.090100 ms)

AssetImportWorkerClient::OnTransportError - code=2 error=End of file
